<?xml version="1.0" encoding="UTF-8"?>
<testng-results ignored="0" total="1" passed="1" failed="0" skipped="0">
  <reporter-output>
  </reporter-output>
  <suite started-at="2021-07-02T05:42:31Z" name="Surefire suite" finished-at="2021-07-02T05:42:54Z" duration-ms="22900">
    <groups>
    </groups>
    <test started-at="2021-07-02T05:42:31Z" name="Surefire test" finished-at="2021-07-02T05:42:54Z" duration-ms="22900">
      <class name="selenium.LaunchChromeTest">
        <test-method signature="browsermethod()[pri:0, instance:selenium.LaunchChromeTest@3c19aaa5]" started-at="2021-07-02T05:42:31Z" name="browsermethod" finished-at="2021-07-02T05:42:54Z" duration-ms="22885" status="PASS">
          <reporter-output>
          </reporter-output>
        </test-method> <!-- browsermethod -->
      </class> <!-- selenium.LaunchChromeTest -->
    </test> <!-- Surefire test -->
  </suite> <!-- Surefire suite -->
</testng-results>
